# JRE version: Java(TM) SE Runtime Environment (8.0_191-b12) (build 1.8.0_191-b12)
# Java VM: Java HotSpot(TM) 64-Bit Server VM (25.191-b12 mixed mode windows-amd64 compressed oops)
Heap:
 PSYoungGen      total 1824768K, used 1312433K [0x0000000715580000, 0x00000007a8900000, 0x00000007c0000000)
  eden space 1205248K, 98% used [0x0000000715580000,0x000000075e00cb90,0x000000075ee80000)
  from space 619520K, 19% used [0x000000075ee80000,0x000000076659fa40,0x0000000784b80000)
  to   space 584192K, 0% used [0x0000000784e80000,0x0000000784e80000,0x00000007a8900000)
 ParOldGen       total 2960384K, used 2177385K [0x00000005c0000000, 0x0000000674b00000, 0x0000000715580000)
  object space 2960384K, 73% used [0x00000005c0000000,0x0000000644e5a568,0x0000000674b00000)
 Metaspace       used 266058K, capacity 277723K, committed 277848K, reserved 1282048K
  class space    used 42522K, capacity 45154K, committed 45184K, reserved 1048576K
GC Heap History (10 events):
Event: 380.555 GC heap before
{Heap before GC invocations=137 (full 13):
 PSYoungGen      total 1878016K, used 1056916K [0x0000000715580000, 0x00000007b3980000, 0x00000007c0000000)
  eden space 1111040K, 78% used [0x0000000715580000,0x000000074a4b0fb8,0x0000000759280000)
  from space 766976K, 24% used [0x0000000759280000,0x0000000764b74050,0x0000000787f80000)
  to   space 713728K, 0% used [0x0000000788080000,0x0000000788080000,0x00000007b3980000)
 ParOldGen       total 2960384K, used 2121763K [0x00000005c0000000, 0x0000000674b00000, 0x0000000715580000)
  object space 2960384K, 71% used [0x00000005c0000000,0x0000000641808f58,0x0000000674b00000)
 Metaspace       used 262533K, capacity 274025K, committed 274264K, reserved 1277952K
  class space    used 42215K, capacity 44839K, committed 44928K, reserved 1048576K
Event: 380.600 GC heap after
Heap after GC invocations=137 (full 13):
 PSYoungGen      total 1800192K, used 138045K [0x0000000715580000, 0x00000007aec80000, 0x00000007c0000000)
  eden space 1165312K, 0% used [0x0000000715580000,0x0000000715580000,0x000000075c780000)
  from space 634880K, 21% used [0x0000000788080000,0x000000079074f598,0x00000007aec80000)
  to   space 674304K, 0% used [0x000000075c780000,0x000000075c780000,0x0000000785a00000)
 ParOldGen       total 2960384K, used 2121771K [0x00000005c0000000, 0x0000000674b00000, 0x0000000715580000)
  object space 2960384K, 71% used [0x00000005c0000000,0x000000064180af58,0x0000000674b00000)
 Metaspace       used 262533K, capacity 274025K, committed 274264K, reserved 1277952K
  class space    used 42215K, capacity 44839K, committed 44928K, reserved 1048576K
}
Event: 380.600 GC heap before
{Heap before GC invocations=138 (full 14):
 PSYoungGen      total 1800192K, used 138045K [0x0000000715580000, 0x00000007aec80000, 0x00000007c0000000)
  eden space 1165312K, 0% used [0x0000000715580000,0x0000000715580000,0x000000075c780000)
  from space 634880K, 21% used [0x0000000788080000,0x000000079074f598,0x00000007aec80000)
  to   space 674304K, 0% used [0x000000075c780000,0x000000075c780000,0x0000000785a00000)
 ParOldGen       total 2960384K, used 2121771K [0x00000005c0000000, 0x0000000674b00000, 0x0000000715580000)
  object space 2960384K, 71% used [0x00000005c0000000,0x000000064180af58,0x0000000674b00000)
 Metaspace       used 262533K, capacity 274025K, committed 274264K, reserved 1277952K
  class space    used 42215K, capacity 44839K, committed 44928K, reserved 1048576K
Event: 383.212 GC heap after
Heap after GC invocations=138 (full 14):
 PSYoungGen      total 1800192K, used 0K [0x0000000715580000, 0x00000007aec80000, 0x00000007c0000000)
  eden space 1165312K, 0% used [0x0000000715580000,0x0000000715580000,0x000000075c780000)
  from space 634880K, 0% used [0x0000000788080000,0x0000000788080000,0x00000007aec80000)
  to   space 674304K, 0% used [0x000000075c780000,0x000000075c780000,0x0000000785a00000)
 ParOldGen       total 2960384K, used 2177361K [0x00000005c0000000, 0x0000000674b00000, 0x0000000715580000)
  object space 2960384K, 73% used [0x00000005c0000000,0x0000000644e54568,0x0000000674b00000)
 Metaspace       used 262533K, capacity 274025K, committed 274264K, reserved 1277952K
  class space    used 42215K, capacity 44839K, committed 44928K, reserved 1048576K
}
Event: 385.267 GC heap before
{Heap before GC invocations=139 (full 14):
 PSYoungGen      total 1800192K, used 1165312K [0x0000000715580000, 0x00000007aec80000, 0x00000007c0000000)
  eden space 1165312K, 100% used [0x0000000715580000,0x000000075c780000,0x000000075c780000)
  from space 634880K, 0% used [0x0000000788080000,0x0000000788080000,0x00000007aec80000)
  to   space 674304K, 0% used [0x000000075c780000,0x000000075c780000,0x0000000785a00000)
 ParOldGen       total 2960384K, used 2177361K [0x00000005c0000000, 0x0000000674b00000, 0x0000000715580000)
  object space 2960384K, 73% used [0x00000005c0000000,0x0000000644e54568,0x0000000674b00000)
 Metaspace       used 262627K, capacity 274089K, committed 274264K, reserved 1277952K
  class space    used 42218K, capacity 44839K, committed 44928K, reserved 1048576K
Event: 385.289 GC heap after
Heap after GC invocations=139 (full 14):
 PSYoungGen      total 1839616K, used 96521K [0x0000000715580000, 0x00000007ae080000, 0x00000007c0000000)
  eden space 1165312K, 0% used [0x0000000715580000,0x0000000715580000,0x000000075c780000)
  from space 674304K, 14% used [0x000000075c780000,0x00000007625c2528,0x0000000785a00000)
  to   space 644096K, 0% used [0x0000000786b80000,0x0000000786b80000,0x00000007ae080000)
 ParOldGen       total 2960384K, used 2177369K [0x00000005c0000000, 0x0000000674b00000, 0x0000000715580000)
  object space 2960384K, 73% used [0x00000005c0000000,0x0000000644e56568,0x0000000674b00000)
 Metaspace       used 262627K, capacity 274089K, committed 274264K, reserved 1277952K
  class space    used 42218K, capacity 44839K, committed 44928K, reserved 1048576K
}
Event: 389.509 GC heap before
{Heap before GC invocations=140 (full 14):
 PSYoungGen      total 1839616K, used 1261833K [0x0000000715580000, 0x00000007ae080000, 0x00000007c0000000)
  eden space 1165312K, 100% used [0x0000000715580000,0x000000075c780000,0x000000075c780000)
  from space 674304K, 14% used [0x000000075c780000,0x00000007625c2528,0x0000000785a00000)
  to   space 644096K, 0% used [0x0000000786b80000,0x0000000786b80000,0x00000007ae080000)
 ParOldGen       total 2960384K, used 2177369K [0x00000005c0000000, 0x0000000674b00000, 0x0000000715580000)
  object space 2960384K, 73% used [0x00000005c0000000,0x0000000644e56568,0x0000000674b00000)
 Metaspace       used 262709K, capacity 274157K, committed 274264K, reserved 1277952K
  class space    used 42218K, capacity 44839K, committed 44928K, reserved 1048576K
Event: 389.526 GC heap after
Heap after GC invocations=140 (full 14):
 PSYoungGen      total 1792000K, used 65715K [0x0000000715580000, 0x00000007aa880000, 0x00000007c0000000)
  eden space 1205248K, 0% used [0x0000000715580000,0x0000000715580000,0x000000075ee80000)
  from space 586752K, 11% used [0x0000000786b80000,0x000000078abace28,0x00000007aa880000)
  to   space 619520K, 0% used [0x000000075ee80000,0x000000075ee80000,0x0000000784b80000)
 ParOldGen       total 2960384K, used 2177377K [0x00000005c0000000, 0x0000000674b00000, 0x0000000715580000)
  object space 2960384K, 73% used [0x00000005c0000000,0x0000000644e58568,0x0000000674b00000)
 Metaspace       used 262709K, capacity 274157K, committed 274264K, reserved 1277952K
  class space    used 42218K, capacity 44839K, committed 44928K, reserved 1048576K
}
Event: 392.573 GC heap before
{Heap before GC invocations=141 (full 14):
 PSYoungGen      total 1792000K, used 1267841K [0x0000000715580000, 0x00000007aa880000, 0x00000007c0000000)
  eden space 1205248K, 99% used [0x0000000715580000,0x000000075eb73960,0x000000075ee80000)
  from space 586752K, 11% used [0x0000000786b80000,0x000000078abace28,0x00000007aa880000)
  to   space 619520K, 0% used [0x000000075ee80000,0x000000075ee80000,0x0000000784b80000)
 ParOldGen       total 2960384K, used 2177377K [0x00000005c0000000, 0x0000000674b00000, 0x0000000715580000)
  object space 2960384K, 73% used [0x00000005c0000000,0x0000000644e58568,0x0000000674b00000)
 Metaspace       used 263715K, capacity 275281K, committed 275416K, reserved 1280000K
  class space    used 42333K, capacity 44949K, committed 45056K, reserved 1048576K
Event: 392.602 GC heap after
Heap after GC invocations=141 (full 14):
 PSYoungGen      total 1824768K, used 121982K [0x0000000715580000, 0x00000007a8900000, 0x00000007c0000000)
  eden space 1205248K, 0% used [0x0000000715580000,0x0000000715580000,0x000000075ee80000)
  from space 619520K, 19% used [0x000000075ee80000,0x000000076659fa40,0x0000000784b80000)
  to   space 584192K, 0% used [0x0000000784e80000,0x0000000784e80000,0x00000007a8900000)
 ParOldGen       total 2960384K, used 2177385K [0x00000005c0000000, 0x0000000674b00000, 0x0000000715580000)
  object space 2960384K, 73% used [0x00000005c0000000,0x0000000644e5a568,0x0000000674b00000)
 Metaspace       used 263715K, capacity 275281K, committed 275416K, reserved 1280000K
  class space    used 42333K, capacity 44949K, committed 45056K, reserved 1048576K
}

